[GIN-debug] [WARNING] Running in "debug" mode. Switch to "release" mode in production.
 - using env:	export GIN_MODE=release
 - using code:	gin.SetMode(gin.ReleaseMode)

[GIN-debug] GET    /health                   --> main.main.func1 (1 handlers)
[GIN-debug] GET    /v1/programs              --> manage-service/internal/controller/http/v1.(*applicantRoutes).listPrograms-fm (4 handlers)
[GIN-debug] GET    /v1/programs/:id          --> manage-service/internal/controller/http/v1.(*applicantRoutes).getProgram-fm (4 handlers)
[GIN-debug] GET    /v1/applicants            --> manage-service/internal/controller/http/v1.(*applicantRoutes).listApplicants-fm (4 handlers)
[GIN-debug] POST   /v1/applicants            --> manage-service/internal/controller/http/v1.(*applicantRoutes).createApplicant-fm (4 handlers)
[GIN-debug] GET    /v1/applicants/:id/data   --> manage-service/internal/controller/http/v1.(*applicantRoutes).getApplicantData-fm (4 handlers)
[GIN-debug] PATCH  /v1/applicants/:id/data   --> manage-service/internal/controller/http/v1.(*applicantRoutes).updateApplicantData-fm (4 handlers)
[GIN-debug] POST   /v1/applicants/:id/documents --> manage-service/internal/controller/http/v1.(*applicantRoutes).uploadDocument-fm (4 handlers)
{"level":"info","time":"2026-01-28T18:10:36+03:00","caller":"/opt/homebrew/Cellar/go/1.25.4/libexec/src/runtime/asm_arm64.s:1268","message":"app - Run - Server started on port: 8081"}
[MANAGE-SERVICE] 2026-01-28 18:27:20 | 404 | 167ns | GET | /v1/applicants/2/documents/view
[MANAGE-SERVICE] 2026-01-28 18:27:20 | 200 | 92.153709ms | GET | /v1/applicants/2/data
[S3] Uploading file to bucket applicants with key applicants/2/passport/Passport (2).pdf (size: 446736)
[S3] ✅ Upload success: applicants/2/passport/Passport (2).pdf
[USECASE] Starting async extraction for doc 0
[MANAGE-SERVICE] 2026-01-28 18:27:25 | 200 | 50.489583ms | POST | /v1/applicants/2/documents
[EXTRACTION] Triggering for doc 0 (Passport (2).pdf) | Size: 446736 bytes
[EXTRACTION] ✅ Success! Extracted 5 fields
[USECASE] Extraction finished. Processing results...
[USECASE] ✅ Data extracted and saved successfully for applicant 2
[MANAGE-SERVICE] 2026-01-28 18:27:30 | 404 | 125ns | GET | /v1/applicants/2/documents/view
[MANAGE-SERVICE] 2026-01-28 18:27:30 | 200 | 3.3955ms | GET | /v1/applicants/2/data
[MANAGE-SERVICE] 2026-01-28 18:27:40 | 404 | 125ns | GET | /v1/applicants/2/documents/view
[MANAGE-SERVICE] 2026-01-28 18:27:40 | 500 | 5.50075ms | GET | /v1/applicants/2/data
[MANAGE-SERVICE] 2026-01-28 18:27:41 | 404 | 125ns | GET | /v1/applicants/2/documents/view
[MANAGE-SERVICE] 2026-01-28 18:27:41 | 200 | 1.834584ms | GET | /v1/applicants/2/data
[MANAGE-SERVICE] 2026-01-28 18:27:42 | 404 | 167ns | GET | /v1/applicants/2/documents/view
[MANAGE-SERVICE] 2026-01-28 18:27:42 | 500 | 9.7175ms | GET | /v1/applicants/2/data
[MANAGE-SERVICE] 2026-01-28 18:27:43 | 404 | 375ns | GET | /v1/applicants/2/documents/view
[MANAGE-SERVICE] 2026-01-28 18:27:43 | 500 | 2.040416ms | GET | /v1/applicants/2/data
[S3] Uploading file to bucket applicants with key applicants/2/diploma/Bachelor_s Degree & Transcript.pdf (size: 2095878)
[S3] ✅ Upload success: applicants/2/diploma/Bachelor_s Degree & Transcript.pdf
[USECASE] Starting async extraction for doc 0
[MANAGE-SERVICE] 2026-01-28 18:27:48 | 200 | 77.754541ms | POST | /v1/applicants/2/documents
[EXTRACTION] Triggering for doc 0 (Bachelor_s Degree & Transcript.pdf) | Size: 2095878 bytes
[MANAGE-SERVICE] 2026-01-28 18:27:50 | 404 | 250ns | GET | /v1/applicants/2/documents/view
[MANAGE-SERVICE] 2026-01-28 18:27:50 | 500 | 42.986667ms | GET | /v1/applicants/2/data
[EXTRACTION] ✅ Success! Extracted 5 fields
[USECASE] Extraction finished. Processing results...
[USECASE] ✅ Data extracted and saved successfully for applicant 2
[MANAGE-SERVICE] 2026-01-28 18:36:55 | 404 | 125ns | GET | /v1/applicants/2/documents/view
[MANAGE-SERVICE] 2026-01-28 18:36:55 | 200 | 40.855625ms | GET | /v1/applicants/2/data
[MANAGE-SERVICE] 2026-01-28 18:36:59 | 404 | 209ns | GET | /v1/applicants/2/documents/view
[MANAGE-SERVICE] 2026-01-28 18:36:59 | 500 | 2.621083ms | GET | /v1/applicants/2/data
[S3] Uploading file to bucket applicants with key applicants/2/diploma/Bachelor_s Degree & Transcript.pdf (size: 2095878)
[S3] ✅ Upload success: applicants/2/diploma/Bachelor_s Degree & Transcript.pdf
[MANAGE-SERVICE] 2026-01-28 18:37:03 | 200 | 77.563042ms | POST | /v1/applicants/2/documents
[USECASE] Starting async extraction for doc 0
[EXTRACTION] Triggering for doc 0 (Bachelor_s Degree & Transcript.pdf) | Size: 2095878 bytes
[MANAGE-SERVICE] 2026-01-28 18:37:06 | 404 | 84ns | GET | /v1/applicants/2/documents/view
[MANAGE-SERVICE] 2026-01-28 18:37:06 | 500 | 2.491791ms | GET | /v1/applicants/2/data
[EXTRACTION] ✅ Success! Extracted 5 fields
[USECASE] Extraction finished. Processing results...
[USECASE] ✅ Data extracted and saved successfully for applicant 2
[MANAGE-SERVICE] 2026-01-28 19:44:23 | 200 | 23.732334ms | GET | /v1/programs
[MANAGE-SERVICE] 2026-01-28 19:44:24 | 200 | 8.483083ms | GET | /v1/applicants
[MANAGE-SERVICE] 2026-01-28 19:44:27 | 404 | 42ns | GET | /v1/applicants/2/documents/view
[MANAGE-SERVICE] 2026-01-28 19:44:27 | 200 | 4.783209ms | GET | /v1/applicants/2/data
[MANAGE-SERVICE] 2026-01-28 19:44:29 | 404 | 125ns | GET | /v1/applicants/2/documents/view
[MANAGE-SERVICE] 2026-01-28 19:44:29 | 500 | 1.395083ms | GET | /v1/applicants/2/data
[S3] Uploading file to bucket applicants with key applicants/2/diploma/Bachelor_s Degree & Transcript.pdf (size: 2095878)
[S3] ✅ Upload success: applicants/2/diploma/Bachelor_s Degree & Transcript.pdf
[MANAGE-SERVICE] 2026-01-28 19:44:34 | 200 | 89.494208ms | POST | /v1/applicants/2/documents
[USECASE] Starting async extraction for doc 0
[EXTRACTION] Triggering for doc 0 (Bachelor_s Degree & Transcript.pdf) | Size: 2095878 bytes
[MANAGE-SERVICE] 2026-01-28 19:44:35 | 404 | 42ns | GET | /v1/applicants/2/documents/view
[MANAGE-SERVICE] 2026-01-28 19:44:35 | 500 | 1.268792ms | GET | /v1/applicants/2/data
[EXTRACTION] ✅ Success! Extracted 5 fields
[USECASE] Extraction finished. Processing results...
[USECASE] ✅ Data extracted and saved successfully for applicant 2
[MANAGE-SERVICE] 2026-01-28 19:55:22 | 404 | 27.167µs | GET | /v1/applicants/2/documents/view
[MANAGE-SERVICE] 2026-01-28 19:55:22 | 200 | 50.491667ms | GET | /v1/applicants/2/data
[MANAGE-SERVICE] 2026-01-28 19:55:45 | 404 | 42ns | GET | /v1/applicants/2/documents/view
[MANAGE-SERVICE] 2026-01-28 19:55:45 | 200 | 3.647ms | GET | /v1/applicants/2/data
[MANAGE-SERVICE] 2026-01-28 19:55:48 | 404 | 42ns | GET | /v1/applicants/2/documents/view
[MANAGE-SERVICE] 2026-01-28 19:55:48 | 200 | 2.9995ms | GET | /v1/applicants/2/data
[MANAGE-SERVICE] 2026-01-28 19:57:36 | 404 | 84ns | GET | /v1/users/41606f8f-2ac0-4079-a794-ec41c72f6ced
[MANAGE-SERVICE] 2026-01-28 19:58:12 | 404 | 125ns | GET | /v1/users/41606f8f-2ac0-4079-a794-ec41c72f6ced
[MANAGE-SERVICE] 2026-01-28 19:58:16 | 404 | 458ns | POST | /v1/login
signal: killed
